2025-09-16 01:00:31,007 - INFO - Starting Data Ingestion
2025-09-16 01:00:31,008 - INFO - Successfully read yaml file
2025-09-16 01:00:31,008 - INFO - Starting data ingestion process.....
2025-09-16 01:00:32,263 - ERROR - Error while downloading Data
2025-09-16 01:00:32,263 - ERROR - CustomExceptions: Error in E:\Strata_projects\ProjAnimeRecommenderEngine\src\data_ingestion.py, line 34: Error while downloading data
2025-09-16 01:00:32,263 - INFO - data ingestion code exceution done
2025-09-16 01:02:25,213 - INFO - Starting Data Ingestion
2025-09-16 01:02:25,214 - INFO - Successfully read yaml file
2025-09-16 01:02:25,214 - INFO - Starting data ingestion process.....
2025-09-16 01:02:28,891 - INFO - Downloading anime.csv file
2025-09-16 01:02:31,777 - INFO - Downloading anime_with_synopsis.csv file
2025-09-16 01:06:50,292 - INFO - data ingestion code exceution done
2025-09-16 01:10:09,188 - INFO - Starting Data Ingestion
2025-09-16 01:10:09,189 - INFO - Successfully read yaml file
2025-09-16 01:10:09,189 - INFO - Starting data ingestion process.....
2025-09-16 01:10:14,454 - INFO - Downloading anime.csv file
2025-09-16 01:10:17,298 - INFO - Downloading anime_with_synopsis.csv file
2025-09-16 01:15:21,240 - INFO - large file detected, dowloading only 5MM rows
2025-09-16 01:15:21,253 - INFO - Data ingestion completed...
2025-09-16 01:15:21,253 - INFO - data ingestion code exceution done
